[2023-11-30T21:40:07.554Z] MENTORAT [32minfo[39m: Get started register
[2023-11-30T21:40:19.735Z] MENTORAT [32minfo[39m: Get started register
[2023-11-30T21:41:28.185Z] MENTORAT [32minfo[39m: Get started register
[2023-11-30T21:41:33.703Z] MENTORAT [32minfo[39m: Get started register
[2023-11-30T21:45:28.165Z] MENTORAT [32minfo[39m: Get started register
[2023-11-30T21:45:35.821Z] MENTORAT [32minfo[39m: Get started register
[2023-11-30T21:45:38.255Z] MENTORAT [32minfo[39m: Get started register
[2023-11-30T21:45:41.417Z] MENTORAT [32minfo[39m: Get started register
[2023-11-30T21:49:55.062Z] MENTORAT [32minfo[39m: Get started register
[2023-11-30T21:50:10.127Z] MENTORAT [32minfo[39m: Get started register
[2023-11-30T21:50:28.404Z] MENTORAT [32minfo[39m: Get started register
[2023-11-30T21:51:35.924Z] MENTORAT [32minfo[39m: Get started register
[2023-11-30T21:51:46.197Z] MENTORAT [32minfo[39m: Hello world! userId: 123
[2023-11-30T21:51:46.198Z] MENTORAT [32minfo[39m: Get started register
[2023-11-30T21:52:00.352Z] MENTORAT [32minfo[39m: Get started register
[2023-11-30T21:52:33.135Z] MENTORAT [32minfo[39m: Hello world!
[2023-11-30T21:52:33.139Z] MENTORAT [32minfo[39m: Get started register
[2023-11-30T21:52:40.113Z] MENTORAT [32minfo[39m: Hello world! 
[2023-11-30T21:52:40.115Z] MENTORAT [32minfo[39m: Get started register 
[2023-11-30T21:53:28.192Z] MENTORAT [32minfo[39m: Hello world! . undefined 
[2023-11-30T21:53:28.195Z] MENTORAT [32minfo[39m: Get started register . undefined 
[2023-11-30T21:56:15.282Z] MENTORAT [32minfo[39m: Hello world! . undefined 
[2023-11-30T21:56:15.296Z] MENTORAT [32minfo[39m: Get started register . undefined 
[2023-11-30T21:57:01.041Z] MENTORAT [32minfo[39m: Hello world! 
[2023-11-30T21:57:01.048Z] MENTORAT [32minfo[39m: Get started register 
[2023-11-30T21:57:26.104Z] MENTORAT [32minfo[39m: Hello world! 
[2023-11-30T21:57:26.106Z] MENTORAT [32minfo[39m: Get started register 
[2023-11-30T21:57:49.419Z] MENTORAT [32minfo[39m: Hello world! 
[2023-11-30T21:57:49.421Z] MENTORAT [32minfo[39m: Get started register 
[2023-11-30T21:59:39.733Z] MENTORAT [32minfo[39m: Hello world! 
[2023-11-30T21:59:39.750Z] MENTORAT [32minfo[39m: Get started register 
[2023-11-30T22:00:01.535Z] MENTORAT [32minfo[39m: Hello world!. undefined 
[2023-11-30T22:00:01.545Z] MENTORAT [32minfo[39m: Get started register. undefined 
{"level":"\u001b[32minfo\u001b[39m","message":"Hello world!","service":"MENTORAT","timestamp":"2023-11-30T22:00:35.134Z"}
{"level":"\u001b[32minfo\u001b[39m","message":"Get started register","service":"MENTORAT","timestamp":"2023-11-30T22:00:35.137Z"}
{"level":"\u001b[32minfo\u001b[39m","message":"Hello world!","service":"MENTORAT","timestamp":"2023-11-30T22:00:43.572Z"}
{"level":"\u001b[32minfo\u001b[39m","message":"Get started register","service":"MENTORAT","timestamp":"2023-11-30T22:00:43.574Z"}
{"correlationId":"123","level":"\u001b[32minfo\u001b[39m","message":"Hello world!","service":"MENTORAT","timestamp":"2023-11-30T22:01:05.646Z","userId":"456 "}
{"level":"\u001b[32minfo\u001b[39m","message":"Get started register","service":"MENTORAT","timestamp":"2023-11-30T22:01:05.649Z"}
{"correlationId":"123","level":"\u001b[32minfo\u001b[39m","message":"Hello world!","service":"MENTORAT","timestamp":"2023-11-30T22:04:55.005Z","userId":"456 "}
{"level":"\u001b[32minfo\u001b[39m","message":"Get started register","service":"MENTORAT","timestamp":"2023-11-30T22:04:55.011Z"}
{"correlationId":"123","level":"\u001b[32minfo\u001b[39m","message":"Hello world!","service":"MENTORAT","timestamp":"2023-11-30T22:06:49.033Z","userId":"456"}
{"level":"\u001b[32minfo\u001b[39m","message":"Get started register","service":"MENTORAT","timestamp":"2023-11-30T22:06:49.038Z"}
{"correlationId":"123","level":"\u001b[32minfo\u001b[39m","message":"Hello world!","service":"MENTORAT","timestamp":"2023-11-30T22:06:50.976Z","userId":"456"}
{"level":"\u001b[32minfo\u001b[39m","message":"Get started register","service":"MENTORAT","timestamp":"2023-11-30T22:06:50.979Z"}
{"correlationId":"123","level":"\u001b[32minfo\u001b[39m","message":"Hello world!","service":"MENTORAT","timestamp":"2023-11-30T22:06:52.751Z","userId":"456"}
{"level":"\u001b[32minfo\u001b[39m","message":"Get started register","service":"MENTORAT","timestamp":"2023-11-30T22:06:52.752Z"}
{"correlationId":"123","level":"\u001b[32minfo\u001b[39m","message":"Hello world!","service":"MENTORAT","timestamp":"2023-11-30T22:06:54.388Z","userId":"456"}
{"level":"\u001b[32minfo\u001b[39m","message":"Get started register","service":"MENTORAT","timestamp":"2023-11-30T22:06:54.390Z"}
{"correlationId":"123","level":"\u001b[32minfo\u001b[39m","message":"Hello world!","service":"MENTORAT","timestamp":"2023-11-30T22:06:56.850Z","userId":"456"}
{"level":"\u001b[32minfo\u001b[39m","message":"Get started register","service":"MENTORAT","timestamp":"2023-11-30T22:06:56.851Z"}
{"correlationId":"123","level":"\u001b[32minfo\u001b[39m","message":"Hello world!","service":"MENTORAT","timestamp":"2023-11-30T22:06:58.067Z","userId":"456"}
{"level":"\u001b[32minfo\u001b[39m","message":"Get started register","service":"MENTORAT","timestamp":"2023-11-30T22:06:58.069Z"}
{"level":"\u001b[32minfo\u001b[39m","message":"Get started register","service":"MENTORAT","timestamp":"2023-11-30T22:07:24.053Z"}
{"level":"\u001b[32minfo\u001b[39m","message":"Get started register","service":"MENTORAT","timestamp":"2023-11-30T22:07:28.109Z"}
{"level":"\u001b[32minfo\u001b[39m","message":"Get started register","service":"MENTORAT","timestamp":"2023-11-30T22:07:30.595Z"}
{"correlationId":"123","level":"\u001b[32minfo\u001b[39m","message":"Hello world!","service":"MENTORAT","timestamp":"2023-11-30T22:07:30.597Z","userId":"456"}
{"level":"\u001b[32minfo\u001b[39m","message":"Get started register","service":"MENTORAT","timestamp":"2023-11-30T22:07:43.672Z"}
{"correlationId":"123","level":"\u001b[32minfo\u001b[39m","message":"Hello world!","service":"MENTORAT","timestamp":"2023-11-30T22:07:47.362Z","userId":"456"}
{"level":"\u001b[32minfo\u001b[39m","message":"Get started register","service":"MENTORAT","timestamp":"2023-11-30T22:07:47.364Z"}
{"correlationId":"123","level":"\u001b[32minfo\u001b[39m","message":"Hello world!","service":"MENTORAT","timestamp":"2023-11-30T22:08:32.466Z","userId":"456"}
{"level":"\u001b[32minfo\u001b[39m","message":"Get started register","service":"MENTORAT","timestamp":"2023-11-30T22:08:32.488Z"}
{"correlationId":"123","level":"\u001b[32minfo\u001b[39m","message":"Hello world!","service":"MENTORAT","timestamp":"2023-11-30T22:11:15.167Z","userId":"456"}
{"level":"\u001b[32minfo\u001b[39m","message":"Get started register","service":"MENTORAT","timestamp":"2023-11-30T22:11:15.170Z"}
{"level":"\u001b[32minfo\u001b[39m","message":"Get started register","service":"MENTORAT","timestamp":"2023-11-30T22:12:08.845Z"}
{"level":"\u001b[32minfo\u001b[39m","message":"Get started register","service":"MENTORAT","timestamp":"2023-11-30T22:12:43.799Z"}
{"level":"\u001b[32minfo\u001b[39m","message":"Get started register","service":"MENTORAT","timestamp":"2023-11-30T22:14:22.454Z"}
{"level":"\u001b[32minfo\u001b[39m","message":"Get started register","service":"MENTORAT","timestamp":"2023-11-30T22:14:26.453Z"}
{"level":"\u001b[32minfo\u001b[39m","message":"Get started register","service":"MENTORAT","timestamp":"2023-11-30T22:17:34.834Z"}
{"level":"\u001b[32minfo\u001b[39m","message":"Get started register","service":"MENTORAT","timestamp":"2023-11-30T22:17:41.530Z"}
{"level":"\u001b[32minfo\u001b[39m","message":"Get started register","service":"MENTORAT","timestamp":"2023-11-30T22:17:52.895Z"}
{"level":"\u001b[32minfo\u001b[39m","message":"Get started register","service":"MENTORAT","timestamp":"2023-11-30T22:18:00.633Z"}
{"level":"\u001b[32minfo\u001b[39m","message":"Get started register","service":"MENTORAT","timestamp":"2023-11-30T22:18:06.899Z"}
{"level":"\u001b[32minfo\u001b[39m","message":"Get started register","service":"MENTORAT","timestamp":"2023-11-30T22:18:11.756Z"}
{"level":"\u001b[32minfo\u001b[39m","message":"Get started register","service":"MENTORAT","timestamp":"2023-11-30T22:18:15.715Z"}
{"level":"\u001b[32minfo\u001b[39m","message":"Get started register","service":"MENTORAT","timestamp":"2023-11-30T22:18:16.702Z"}
{"level":"\u001b[32minfo\u001b[39m","message":"Get started register","service":"MENTORAT","timestamp":"2023-11-30T22:18:20.012Z"}
{"level":"\u001b[32minfo\u001b[39m","message":"Get started register","service":"MENTORAT","timestamp":"2023-11-30T22:18:24.995Z"}
{"level":"\u001b[32minfo\u001b[39m","message":"Get started register","service":"MENTORAT","timestamp":"2023-11-30T22:18:29.132Z"}
{"level":"\u001b[32minfo\u001b[39m","message":"Get started register","service":"MENTORAT","timestamp":"2023-11-30T22:18:32.915Z"}
{"level":"\u001b[32minfo\u001b[39m","message":"Get started register","service":"MENTORAT","timestamp":"2023-11-30T22:18:35.568Z"}
{"level":"\u001b[32minfo\u001b[39m","message":"Get started register","service":"MENTORAT","timestamp":"2023-11-30T22:18:38.229Z"}
{"level":"\u001b[32minfo\u001b[39m","message":"Get started register","service":"MENTORAT","timestamp":"2023-11-30T22:20:22.649Z"}
{"level":"\u001b[32minfo\u001b[39m","message":"Get started register","service":"MENTORAT","timestamp":"2023-11-30T22:20:41.630Z"}
{"level":"\u001b[32minfo\u001b[39m","message":"Get started register","service":"MENTORAT","timestamp":"2023-11-30T22:20:53.806Z"}
{"level":"\u001b[32minfo\u001b[39m","message":"Get started register","service":"MENTORAT","timestamp":"2023-11-30T22:20:57.078Z"}
{"level":"\u001b[32minfo\u001b[39m","message":"Get started register","service":"MENTORAT","timestamp":"2023-11-30T22:21:19.512Z"}
{"level":"\u001b[32minfo\u001b[39m","message":"Get started register","service":"MENTORAT","timestamp":"2023-11-30T22:24:04.795Z"}
{"level":"\u001b[32minfo\u001b[39m","message":"Get started register","service":"MENTORAT","timestamp":"2023-11-30T22:24:42.993Z"}
{"level":"\u001b[31merror\u001b[39m","message":"","service":"MENTORAT","timestamp":"2023-11-30T22:24:42.997Z"}
{"level":"\u001b[32minfo\u001b[39m","message":"Get started register","service":"MENTORAT","timestamp":"2023-11-30T22:24:46.435Z"}
{"level":"\u001b[31merror\u001b[39m","message":"First error","service":"MENTORAT","timestamp":"2023-11-30T22:24:46.437Z"}
{"level":"\u001b[32minfo\u001b[39m","message":"Get started register","service":"MENTORAT","timestamp":"2023-11-30T22:24:56.781Z"}
{"level":"\u001b[32minfo\u001b[39m","message":"Get started register","service":"MENTORAT","timestamp":"2023-11-30T22:24:56.783Z"}
{"level":"\u001b[32minfo\u001b[39m","message":"Get started register","service":"MENTORAT","timestamp":"2023-11-30T22:24:57.309Z"}
{"level":"\u001b[32minfo\u001b[39m","message":"Get started register","service":"MENTORAT","timestamp":"2023-11-30T22:24:57.412Z"}
{"level":"\u001b[32minfo\u001b[39m","message":"Get started register","service":"MENTORAT","timestamp":"2023-11-30T22:25:00.715Z"}
{"level":"\u001b[31merror\u001b[39m","message":"First error","service":"MENTORAT","timestamp":"2023-11-30T22:25:00.717Z"}
{"level":"\u001b[32minfo\u001b[39m","message":"Get started register","service":"\u001b[35m$\u001b[0m","timestamp":"2023-11-30T22:27:38.367Z"}
{"level":"\u001b[31merror\u001b[39m","message":"First error","service":"\u001b[35m$\u001b[0m","timestamp":"2023-11-30T22:27:38.369Z"}
{"level":"\u001b[32minfo\u001b[39m","message":"Get started register","service":"\u001b[35m$\u001b[0m","timestamp":"2023-11-30T22:27:50.440Z"}
{"level":"\u001b[31merror\u001b[39m","message":"First error","service":"\u001b[35m$\u001b[0m","timestamp":"2023-11-30T22:27:50.441Z"}
{"level":"\u001b[32minfo\u001b[39m","message":"Get started register","service":"\u001b[35m\u001b[0m","timestamp":"2023-11-30T22:28:02.213Z"}
{"level":"\u001b[31merror\u001b[39m","message":"First error","service":"\u001b[35m\u001b[0m","timestamp":"2023-11-30T22:28:02.220Z"}
{"level":"\u001b[32minfo\u001b[39m","message":"Get started register","service":"\u001b[35mMENTORAT\u001b[0m","timestamp":"2023-11-30T22:28:05.587Z"}
{"level":"\u001b[31merror\u001b[39m","message":"First error","service":"\u001b[35mMENTORAT\u001b[0m","timestamp":"2023-11-30T22:28:05.589Z"}
{"level":"\u001b[32minfo\u001b[39m","message":"Get started register","service":"\u001b[35mMENTORAT\u001b[0m","timestamp":"2023-11-30T22:30:00.014Z"}
{"level":"\u001b[31merror\u001b[39m","message":"First error","service":"\u001b[35mMENTORAT\u001b[0m","timestamp":"2023-11-30T22:30:00.022Z"}
{"level":"\u001b[32minfo\u001b[39m","message":"Get started register","service":"\u001b[35mMENTORAT\u001b[0m","timestamp":"2023-11-30T22:30:01.805Z"}
{"level":"\u001b[31merror\u001b[39m","message":"First error","service":"\u001b[35mMENTORAT\u001b[0m","timestamp":"2023-11-30T22:30:01.808Z"}
{"level":"\u001b[32minfo\u001b[39m","message":"Get started register","service":"\u001b[35mMENTORAT\u001b[0m","timestamp":"2023-11-30T22:30:24.200Z"}
{"level":"\u001b[31merror\u001b[39m","message":"First error","service":"\u001b[35mMENTORAT\u001b[0m","timestamp":"2023-11-30T22:30:24.201Z"}
{"level":"\u001b[32minfo\u001b[39m","message":"Get started register","service":"\u001b[35mMENTORAT\u001b[0m","timestamp":"2023-11-30T22:30:26.556Z"}
{"level":"\u001b[31merror\u001b[39m","message":"First error","service":"\u001b[35mMENTORAT\u001b[0m","timestamp":"2023-11-30T22:30:26.558Z"}
{"level":"\u001b[32minfo\u001b[39m","message":"Get started register","service":"\u001b[35mMENTORAT\u001b[0m","timestamp":"2023-11-30T22:32:40.858Z"}
{"level":"\u001b[31merror\u001b[39m","message":"First error","service":"\u001b[35mMENTORAT\u001b[0m","timestamp":"2023-11-30T22:32:40.863Z"}
{"level":"\u001b[32minfo\u001b[39m","message":"Get started register","service":"\u001b[35mMENTORAT\u001b[0m","timestamp":"2023-11-30T22:32:40.864Z"}
{"level":"\u001b[31merror\u001b[39m","message":"First error","service":"\u001b[35mMENTORAT\u001b[0m","timestamp":"2023-11-30T22:32:40.865Z"}
{"level":"\u001b[32minfo\u001b[39m","message":"Get started register","service":"\u001b[35mMENTORAT\u001b[0m","timestamp":"2023-11-30T22:32:43.127Z"}
{"level":"\u001b[31merror\u001b[39m","message":"First error","service":"\u001b[35mMENTORAT\u001b[0m","timestamp":"2023-11-30T22:32:43.131Z"}
{"level":"\u001b[32minfo\u001b[39m","message":"Get started register","service":"\u001b[35mMENTORAT\u001b[0m","timestamp":"2023-11-30T22:32:43.249Z"}
{"level":"\u001b[31merror\u001b[39m","message":"First error","service":"\u001b[35mMENTORAT\u001b[0m","timestamp":"2023-11-30T22:32:43.258Z"}
{"level":"\u001b[32minfo\u001b[39m","message":"Get started register","service":"\u001b[35mMENTORAT\u001b[0m","timestamp":"2023-11-30T22:32:53.658Z"}
{"level":"\u001b[31merror\u001b[39m","message":"First error","service":"\u001b[35mMENTORAT\u001b[0m","timestamp":"2023-11-30T22:32:53.660Z"}
{"level":"\u001b[32minfo\u001b[39m","message":"Get started register","service":"\u001b[35mMENTORAT\u001b[0m","timestamp":"2023-11-30T22:32:53.733Z"}
{"level":"\u001b[31merror\u001b[39m","message":"First error","service":"\u001b[35mMENTORAT\u001b[0m","timestamp":"2023-11-30T22:32:53.735Z"}
{"level":"\u001b[32minfo\u001b[39m","message":"Get started register","service":"\u001b[35mMENTORAT\u001b[0m","timestamp":"2023-11-30T22:32:56.261Z"}
{"level":"\u001b[31merror\u001b[39m","message":"First error","service":"\u001b[35mMENTORAT\u001b[0m","timestamp":"2023-11-30T22:32:56.265Z"}
{"level":"\u001b[32minfo\u001b[39m","message":"Get started register","service":"\u001b[35mMENTORAT\u001b[0m","timestamp":"2023-11-30T22:32:56.342Z"}
{"level":"\u001b[31merror\u001b[39m","message":"First error","service":"\u001b[35mMENTORAT\u001b[0m","timestamp":"2023-11-30T22:32:56.346Z"}
{"level":"\u001b[32minfo\u001b[39m","message":"Get started register","service":"\u001b[35mMENTORAT\u001b[0m","timestamp":"2023-11-30T22:34:34.667Z"}
{"level":"\u001b[31merror\u001b[39m","message":"First error","service":"\u001b[35mMENTORAT\u001b[0m","timestamp":"2023-11-30T22:34:34.670Z"}
{"level":"\u001b[32minfo\u001b[39m","message":"Get started register","service":"\u001b[35mMENTORAT\u001b[0m","timestamp":"2023-11-30T22:34:34.725Z"}
{"level":"\u001b[31merror\u001b[39m","message":"First error","service":"\u001b[35mMENTORAT\u001b[0m","timestamp":"2023-11-30T22:34:34.727Z"}
{"level":"\u001b[32minfo\u001b[39m","message":"Get started register","service":"\u001b[35mMENTORAT\u001b[0m","timestamp":"2023-11-30T22:34:49.400Z"}
{"level":"\u001b[32minfo\u001b[39m","message":"Get started register","service":"\u001b[35mMENTORAT\u001b[0m","timestamp":"2023-11-30T22:34:49.410Z"}
{"level":"\u001b[32minfo\u001b[39m","message":"Get started register","service":"\u001b[35mMENTORAT\u001b[0m","timestamp":"2023-11-30T22:34:49.760Z"}
{"level":"\u001b[32minfo\u001b[39m","message":"Get started register","service":"\u001b[35mMENTORAT\u001b[0m","timestamp":"2023-11-30T22:34:50.053Z"}
{"level":"\u001b[32minfo\u001b[39m","message":"Get started register","service":"\u001b[35mMENTORAT\u001b[0m","timestamp":"2023-11-30T22:34:50.237Z"}
{"level":"\u001b[32minfo\u001b[39m","message":"Get started register","service":"\u001b[35mMENTORAT\u001b[0m","timestamp":"2023-11-30T22:34:50.266Z"}
{"level":"\u001b[32minfo\u001b[39m","message":"Get started register","service":"\u001b[35mMENTORAT\u001b[0m","timestamp":"2023-11-30T22:36:00.103Z"}
{"level":"\u001b[32minfo\u001b[39m","message":"Get started register","service":"\u001b[35mMENTORAT\u001b[0m","timestamp":"2023-11-30T22:36:00.240Z"}
{"level":"\u001b[32minfo\u001b[39m","message":"Get started register","service":"\u001b[35mMENTORAT\u001b[0m","timestamp":"2023-11-30T22:36:09.638Z"}
{"level":"\u001b[32minfo\u001b[39m","message":"Get started register","service":"\u001b[35mMENTORAT\u001b[0m","timestamp":"2023-11-30T22:36:30.716Z"}
{"level":"\u001b[31merror\u001b[39m","message":"First error","service":"\u001b[35mMENTORAT\u001b[0m","timestamp":"2023-11-30T22:36:30.718Z"}
{"level":"\u001b[32minfo\u001b[39m","message":"Get started register","service":"\u001b[35mMENTORAT\u001b[0m","timestamp":"2023-11-30T22:39:43.213Z"}
{"level":"\u001b[31merror\u001b[39m","message":"First error","service":"\u001b[35mMENTORAT\u001b[0m","timestamp":"2023-11-30T22:39:43.221Z"}
{"level":"\u001b[32minfo\u001b[39m","message":"Get started register","service":"\u001b[35mMENTORAT\u001b[0m","timestamp":"2023-11-30T22:39:54.675Z"}
{"level":"\u001b[31merror\u001b[39m","message":"First error","service":"\u001b[35mMENTORAT\u001b[0m","timestamp":"2023-11-30T22:39:54.762Z"}
{"level":"\u001b[32minfo\u001b[39m","message":"Get started register","service":"\u001b[35mMENTORAT\u001b[0m","timestamp":"2023-11-30T22:40:21.987Z"}
{"level":"\u001b[31merror\u001b[39m","message":"First error","service":"\u001b[35mMENTORAT\u001b[0m","timestamp":"2023-11-30T22:40:21.989Z"}
{"level":"\u001b[32minfo\u001b[39m","message":"Get started register","service":"\u001b[35mMENTORAT\u001b[0m","timestamp":"2023-11-30T22:40:28.196Z"}
{"level":"\u001b[31merror\u001b[39m","message":"First error","service":"\u001b[35mMENTORAT\u001b[0m","timestamp":"2023-11-30T22:40:28.198Z"}
{"level":"\u001b[32minfo\u001b[39m","message":"Get started register","service":"\u001b[35mMENTORAT\u001b[0m","timestamp":"2023-11-30T22:40:33.926Z"}
{"level":"\u001b[31merror\u001b[39m","message":"First error","service":"\u001b[35mMENTORAT\u001b[0m","timestamp":"2023-11-30T22:40:33.927Z"}
{"level":"\u001b[32minfo\u001b[39m","message":"Get started register","service":"\u001b[35mMENTORAT\u001b[0m","timestamp":"2023-11-30T22:40:40.575Z"}
{"level":"\u001b[31merror\u001b[39m","message":"First error","service":"\u001b[35mMENTORAT\u001b[0m","timestamp":"2023-11-30T22:40:40.577Z"}
{"level":"\u001b[32minfo\u001b[39m","message":"GET START REGISTER","service":"\u001b[35mMENTORAT\u001b[0m","timestamp":"2023-11-30T22:41:11.515Z"}
{"level":"\u001b[31merror\u001b[39m","message":"First error","service":"\u001b[35mMENTORAT\u001b[0m","timestamp":"2023-11-30T22:41:11.518Z"}
{"level":"\u001b[32minfo\u001b[39m","message":"GET START REGISTER","service":"\u001b[35mMENTORAT\u001b[0m","timestamp":"2023-11-30T22:41:16.535Z"}
{"level":"\u001b[31merror\u001b[39m","message":"FIRST ERROR","service":"\u001b[35mMENTORAT\u001b[0m","timestamp":"2023-11-30T22:41:16.536Z"}
{"level":"\u001b[32minfo\u001b[39m","message":"GET START REGISTER","service":"\u001b[35mMENTORAT\u001b[0m","timestamp":"2023-11-30T22:41:37.407Z"}
{"level":"\u001b[31merror\u001b[39m","message":"FIRST ERROR","service":"\u001b[35mMENTORAT\u001b[0m","timestamp":"2023-11-30T22:41:37.409Z"}
{"level":"\u001b[32minfo\u001b[39m","message":"GET START REGISTER","service":"\u001b[35mMENTORAT\u001b[0m","timestamp":"2023-11-30T22:41:46.525Z"}
{"level":"\u001b[31merror\u001b[39m","message":"FIRST ERROR","service":"\u001b[35mMENTORAT\u001b[0m","timestamp":"2023-11-30T22:41:46.527Z"}
{"level":"\u001b[32minfo\u001b[39m","message":"GET START REGISTER","service":"\u001b[35mMENTORAT\u001b[0m","timestamp":"2023-11-30T22:42:02.915Z"}
{"level":"\u001b[31merror\u001b[39m","message":"FIRST ERROR","service":"\u001b[35mMENTORAT\u001b[0m","timestamp":"2023-11-30T22:42:02.916Z"}
{"level":"\u001b[32minfo\u001b[39m","message":"\u001b[32mGET START REGISTER\u001b[39m","service":"\u001b[35mMENTORAT\u001b[0m","timestamp":"2023-11-30T22:52:18.664Z"}
{"level":"\u001b[31merror\u001b[39m","message":"\u001b[31mFIRST ERROR\u001b[39m","service":"\u001b[35mMENTORAT\u001b[0m","timestamp":"2023-11-30T22:52:18.669Z"}
{"level":"\u001b[32minfo\u001b[39m","message":"\u001b[32mGET START REGISTER\u001b[39m","service":"\u001b[35mMENTORAT\u001b[0m","timestamp":"2023-11-30T22:52:59.606Z"}
{"level":"\u001b[31merror\u001b[39m","message":"\u001b[31mFIRST ERROR\u001b[39m","service":"\u001b[35mMENTORAT\u001b[0m","timestamp":"2023-11-30T22:52:59.610Z"}
{"level":"\u001b[32minfo\u001b[39m","message":"\u001b[32mGET START REGISTER\u001b[39m","service":"\u001b[35mMENTORAT\u001b[0m","timestamp":"2023-11-30T22:53:03.062Z"}
{"level":"\u001b[31merror\u001b[39m","message":"\u001b[31mFIRST ERROR\u001b[39m","service":"\u001b[35mMENTORAT\u001b[0m","timestamp":"2023-11-30T22:53:03.063Z"}
{"level":"\u001b[32minfo\u001b[39m","message":"\u001b[32mGET START REGISTER\u001b[39m","service":"\u001b[35mMENTORAT\u001b[0m","timestamp":"2023-11-30T22:53:08.429Z"}
{"level":"\u001b[31merror\u001b[39m","message":"\u001b[31mFIRST ERROR\u001b[39m","service":"\u001b[35mMENTORAT\u001b[0m","timestamp":"2023-11-30T22:53:08.431Z"}
{"level":"\u001b[32minfo\u001b[39m","message":"\u001b[32mGET START REGISTER\u001b[39m","service":"\u001b[35mMENTORAT\u001b[0m","timestamp":"2023-11-30T22:53:11.454Z"}
{"level":"\u001b[31merror\u001b[39m","message":"\u001b[31mFIRST ERROR\u001b[39m","service":"\u001b[35mMENTORAT\u001b[0m","timestamp":"2023-11-30T22:53:11.455Z"}
{"level":"\u001b[32minfo\u001b[39m","message":"\u001b[32mGET START REGISTER\u001b[39m","service":"\u001b[35mMENTORAT\u001b[0m","timestamp":"2023-11-30T22:53:26.210Z"}
{"level":"\u001b[31merror\u001b[39m","message":"\u001b[31mFIRST ERROR\u001b[39m","service":"\u001b[35mMENTORAT\u001b[0m","timestamp":"2023-11-30T22:53:26.213Z"}
{"level":"\u001b[32minfo\u001b[39m","message":"\u001b[32mGET START REGISTER\u001b[39m","service":"\u001b[35mMENTORAT\u001b[0m","timestamp":"2023-11-30T22:53:40.267Z"}
{"level":"\u001b[31merror\u001b[39m","message":"\u001b[31mFIRST ERROR\u001b[39m","service":"\u001b[35mMENTORAT\u001b[0m","timestamp":"2023-11-30T22:53:40.268Z"}
{"level":"\u001b[32minfo\u001b[39m","message":"\u001b[32mGET START REGISTER\u001b[39m","service":"\u001b[35mMENTORAT\u001b[0m","timestamp":"2023-11-30T22:53:49.508Z"}
{"level":"\u001b[31merror\u001b[39m","message":"\u001b[31mFIRST ERROR\u001b[39m","service":"\u001b[35mMENTORAT\u001b[0m","timestamp":"2023-11-30T22:53:49.510Z"}
{"level":"\u001b[32minfo\u001b[39m","message":"\u001b[32mGET START REGISTER\u001b[39m","service":"\u001b[35mMENTORAT\u001b[0m","timestamp":"2023-11-30T22:53:58.258Z"}
{"level":"\u001b[31merror\u001b[39m","message":"\u001b[31mFIRST ERROR\u001b[39m","service":"\u001b[35mMENTORAT\u001b[0m","timestamp":"2023-11-30T22:53:58.260Z"}
{"level":"\u001b[32minfo\u001b[39m","message":"\u001b[32mGET START REGISTER\u001b[39m","service":"\u001b[35mMENTORAT\u001b[0m","timestamp":"2023-11-30T23:20:44.068Z"}
{"level":"\u001b[31merror\u001b[39m","message":"\u001b[31mFIRST ERROR\u001b[39m","service":"\u001b[35mMENTORAT\u001b[0m","timestamp":"2023-11-30T23:20:44.073Z"}
{"level":"\u001b[32minfo\u001b[39m","message":"\u001b[32mGET START REGISTER\u001b[39m","service":"\u001b[35mMENTORAT\u001b[0m","timestamp":"2023-11-30T23:21:45.206Z"}
{"level":"\u001b[31merror\u001b[39m","message":"\u001b[31mFIRST ERROR\u001b[39m","service":"\u001b[35mMENTORAT\u001b[0m","timestamp":"2023-11-30T23:21:45.209Z"}
{"level":"\u001b[32minfo\u001b[39m","message":"\u001b[32mGET START REGISTER\u001b[39m","service":"\u001b[35mMENTORAT\u001b[0m","timestamp":"2023-11-30T23:22:27.570Z"}
{"level":"\u001b[31merror\u001b[39m","message":"\u001b[31mFIRST ERROR\u001b[39m","service":"\u001b[35mMENTORAT\u001b[0m","timestamp":"2023-11-30T23:22:27.572Z"}
{"level":"\u001b[32minfo\u001b[39m","message":"\u001b[32mGET START REGISTER\u001b[39m","service":"\u001b[35mMENTORAT\u001b[0m","timestamp":"2023-11-30T23:23:05.276Z"}
{"level":"\u001b[31merror\u001b[39m","message":"\u001b[31mFIRST ERROR\u001b[39m","service":"\u001b[35mMENTORAT\u001b[0m","timestamp":"2023-11-30T23:23:05.279Z"}
{"level":"\u001b[32minfo\u001b[39m","message":"\u001b[32mGET START REGISTER\u001b[39m","service":"\u001b[35mMENTORAT\u001b[0m","timestamp":"2023-11-30T23:23:05.343Z"}
{"level":"\u001b[31merror\u001b[39m","message":"\u001b[31mFIRST ERROR\u001b[39m","service":"\u001b[35mMENTORAT\u001b[0m","timestamp":"2023-11-30T23:23:05.344Z"}
{"level":"\u001b[32minfo\u001b[39m","message":"\u001b[32mGET START REGISTER\u001b[39m","service":"\u001b[35mMENTORAT\u001b[0m","timestamp":"2023-11-30T23:23:09.088Z"}
{"level":"\u001b[31merror\u001b[39m","message":"\u001b[31mFIRST ERROR\u001b[39m","service":"\u001b[35mMENTORAT\u001b[0m","timestamp":"2023-11-30T23:23:09.090Z"}
{"level":"\u001b[32minfo\u001b[39m","message":"\u001b[32mGET START REGISTER\u001b[39m","service":"\u001b[35mMENTORAT\u001b[0m","timestamp":"2023-11-30T23:23:09.139Z"}
{"level":"\u001b[31merror\u001b[39m","message":"\u001b[31mFIRST ERROR\u001b[39m","service":"\u001b[35mMENTORAT\u001b[0m","timestamp":"2023-11-30T23:23:09.140Z"}
{"level":"\u001b[32minfo\u001b[39m","message":"\u001b[32mGET START REGISTER\u001b[39m","service":"\u001b[35mMENTORAT\u001b[0m","timestamp":"2023-11-30T23:23:12.689Z"}
{"level":"\u001b[31merror\u001b[39m","message":"\u001b[31mFIRST ERROR\u001b[39m","service":"\u001b[35mMENTORAT\u001b[0m","timestamp":"2023-11-30T23:23:12.691Z"}
{"level":"\u001b[32minfo\u001b[39m","message":"\u001b[32mGET START REGISTER\u001b[39m","service":"\u001b[35mMENTORAT\u001b[0m","timestamp":"2023-11-30T23:23:12.739Z"}
{"level":"\u001b[31merror\u001b[39m","message":"\u001b[31mFIRST ERROR\u001b[39m","service":"\u001b[35mMENTORAT\u001b[0m","timestamp":"2023-11-30T23:23:12.741Z"}
{"level":"\u001b[32minfo\u001b[39m","message":"\u001b[32mGET START REGISTER\u001b[39m","service":"\u001b[35mMENTORAT\u001b[0m","timestamp":"2023-11-30T23:23:15.387Z"}
{"level":"\u001b[31merror\u001b[39m","message":"\u001b[31mFIRST ERROR\u001b[39m","service":"\u001b[35mMENTORAT\u001b[0m","timestamp":"2023-11-30T23:23:15.403Z"}
{"level":"\u001b[32minfo\u001b[39m","message":"\u001b[32mGET START REGISTER\u001b[39m","service":"\u001b[35mMENTORAT\u001b[0m","timestamp":"2023-11-30T23:23:15.660Z"}
{"level":"\u001b[31merror\u001b[39m","message":"\u001b[31mFIRST ERROR\u001b[39m","service":"\u001b[35mMENTORAT\u001b[0m","timestamp":"2023-11-30T23:23:15.667Z"}
{"level":"\u001b[32minfo\u001b[39m","message":"\u001b[32mGET START REGISTER\u001b[39m","service":"\u001b[35mMENTORAT\u001b[0m","timestamp":"2023-11-30T23:23:26.004Z"}
{"level":"\u001b[31merror\u001b[39m","message":"\u001b[31mFIRST ERROR\u001b[39m","service":"\u001b[35mMENTORAT\u001b[0m","timestamp":"2023-11-30T23:23:26.005Z"}
{"level":"\u001b[32minfo\u001b[39m","message":"\u001b[32mGET START REGISTER\u001b[39m","service":"\u001b[35mMENTORAT\u001b[0m","timestamp":"2023-11-30T23:23:55.875Z"}
{"level":"\u001b[31merror\u001b[39m","message":"\u001b[31mFIRST ERROR\u001b[39m","service":"\u001b[35mMENTORAT\u001b[0m","timestamp":"2023-11-30T23:23:55.883Z"}
{"level":"\u001b[32minfo\u001b[39m","message":"\u001b[32mGET START REGISTER\u001b[39m","service":"\u001b[35mMENTORAT\u001b[0m","timestamp":"2023-11-30T23:23:57.978Z"}
{"level":"\u001b[31merror\u001b[39m","message":"\u001b[31mFIRST ERROR\u001b[39m","service":"\u001b[35mMENTORAT\u001b[0m","timestamp":"2023-11-30T23:23:57.979Z"}
{"level":"\u001b[32minfo\u001b[39m","message":"\u001b[32mGET START REGISTER\u001b[39m","service":"\u001b[35mMENTORAT\u001b[0m","timestamp":"2023-11-30T23:35:46.388Z"}
{"level":"\u001b[31merror\u001b[39m","message":"\u001b[31mFIRST ERROR\u001b[39m","service":"\u001b[35mMENTORAT\u001b[0m","timestamp":"2023-11-30T23:35:46.393Z"}
{"level":"\u001b[32minfo\u001b[39m","message":"\u001b[32mGET START REGISTER\u001b[39m","service":"\u001b[35mMENTORAT\u001b[0m","timestamp":"2023-11-30T23:35:46.442Z"}
{"level":"\u001b[31merror\u001b[39m","message":"\u001b[31mFIRST ERROR\u001b[39m","service":"\u001b[35mMENTORAT\u001b[0m","timestamp":"2023-11-30T23:35:46.443Z"}
{"level":"\u001b[32minfo\u001b[39m","message":"\u001b[32mGET START REGISTER\u001b[39m","service":"\u001b[35mMENTORAT\u001b[0m","timestamp":"2023-11-30T23:37:25.601Z"}
{"level":"\u001b[31merror\u001b[39m","message":"\u001b[31mFIRST ERROR\u001b[39m","service":"\u001b[35mMENTORAT\u001b[0m","timestamp":"2023-11-30T23:37:25.605Z"}
{"level":"\u001b[32minfo\u001b[39m","message":"\u001b[32mGET START REGISTER\u001b[39m","service":"\u001b[35mMENTORAT\u001b[0m","timestamp":"2023-11-30T23:37:25.650Z"}
{"level":"\u001b[31merror\u001b[39m","message":"\u001b[31mFIRST ERROR\u001b[39m","service":"\u001b[35mMENTORAT\u001b[0m","timestamp":"2023-11-30T23:37:25.652Z"}
{"level":"\u001b[32minfo\u001b[39m","message":"\u001b[32mGET START REGISTER\u001b[39m","service":"\u001b[35mMENTORAT\u001b[0m","timestamp":"2023-11-30T23:37:36.321Z"}
{"level":"\u001b[31merror\u001b[39m","message":"\u001b[31mFIRST ERROR\u001b[39m","service":"\u001b[35mMENTORAT\u001b[0m","timestamp":"2023-11-30T23:37:36.323Z"}
{"level":"\u001b[32minfo\u001b[39m","message":"\u001b[32mGET START REGISTER\u001b[39m","service":"\u001b[35mMENTORAT\u001b[0m","timestamp":"2023-11-30T23:37:36.357Z"}
{"level":"\u001b[31merror\u001b[39m","message":"\u001b[31mFIRST ERROR\u001b[39m","service":"\u001b[35mMENTORAT\u001b[0m","timestamp":"2023-11-30T23:37:36.359Z"}
{"level":"\u001b[32minfo\u001b[39m","message":"\u001b[32mGET START REGISTER\u001b[39m","service":"\u001b[35mMENTORAT\u001b[0m","timestamp":"2023-11-30T23:37:39.459Z"}
{"level":"\u001b[31merror\u001b[39m","message":"\u001b[31mFIRST ERROR\u001b[39m","service":"\u001b[35mMENTORAT\u001b[0m","timestamp":"2023-11-30T23:37:39.461Z"}
{"level":"\u001b[32minfo\u001b[39m","message":"\u001b[32mGET START REGISTER\u001b[39m","service":"\u001b[35mMENTORAT\u001b[0m","timestamp":"2023-11-30T23:37:39.501Z"}
{"level":"\u001b[31merror\u001b[39m","message":"\u001b[31mFIRST ERROR\u001b[39m","service":"\u001b[35mMENTORAT\u001b[0m","timestamp":"2023-11-30T23:37:39.502Z"}
{"level":"\u001b[32minfo\u001b[39m","message":"\u001b[32mGET START REGISTER\u001b[39m","service":"\u001b[35mMENTORAT\u001b[0m","timestamp":"2023-11-30T23:37:43.291Z"}
{"level":"\u001b[31merror\u001b[39m","message":"\u001b[31mFIRST ERROR\u001b[39m","service":"\u001b[35mMENTORAT\u001b[0m","timestamp":"2023-11-30T23:37:43.292Z"}
{"level":"\u001b[32minfo\u001b[39m","message":"\u001b[32mGET START REGISTER\u001b[39m","service":"\u001b[35mMENTORAT\u001b[0m","timestamp":"2023-11-30T23:37:43.325Z"}
{"level":"\u001b[31merror\u001b[39m","message":"\u001b[31mFIRST ERROR\u001b[39m","service":"\u001b[35mMENTORAT\u001b[0m","timestamp":"2023-11-30T23:37:43.326Z"}
{"level":"\u001b[32minfo\u001b[39m","message":"\u001b[32mGET START REGISTER\u001b[39m","service":"\u001b[35mMENTORAT\u001b[0m","timestamp":"2023-11-30T23:37:59.623Z"}
{"level":"\u001b[31merror\u001b[39m","message":"\u001b[31mFIRST ERROR\u001b[39m","service":"\u001b[35mMENTORAT\u001b[0m","timestamp":"2023-11-30T23:37:59.625Z"}
{"level":"\u001b[32minfo\u001b[39m","message":"\u001b[32mGET START REGISTER\u001b[39m","service":"\u001b[35mMENTORAT\u001b[0m","timestamp":"2023-11-30T23:37:59.661Z"}
{"level":"\u001b[31merror\u001b[39m","message":"\u001b[31mFIRST ERROR\u001b[39m","service":"\u001b[35mMENTORAT\u001b[0m","timestamp":"2023-11-30T23:37:59.662Z"}
{"level":"\u001b[32minfo\u001b[39m","message":"\u001b[32mGET START REGISTER\u001b[39m","service":"\u001b[35mMENTORAT\u001b[0m","timestamp":"2023-11-30T23:43:17.460Z"}
{"level":"\u001b[31merror\u001b[39m","message":"\u001b[31mFIRST ERROR\u001b[39m","service":"\u001b[35mMENTORAT\u001b[0m","timestamp":"2023-11-30T23:43:17.464Z"}
{"level":"\u001b[32minfo\u001b[39m","message":"\u001b[32mGET START REGISTER\u001b[39m","service":"\u001b[35mMENTORAT\u001b[0m","timestamp":"2023-11-30T23:43:53.788Z"}
{"level":"\u001b[31merror\u001b[39m","message":"\u001b[31mFIRST ERROR\u001b[39m","service":"\u001b[35mMENTORAT\u001b[0m","timestamp":"2023-11-30T23:43:53.792Z"}
{"level":"\u001b[32minfo\u001b[39m","message":"\u001b[32mGET START REGISTER\u001b[39m","service":"\u001b[35mMENTORAT\u001b[0m","timestamp":"2023-11-30T23:44:38.316Z"}
{"level":"\u001b[31merror\u001b[39m","message":"\u001b[31mFIRST ERROR\u001b[39m","service":"\u001b[35mMENTORAT\u001b[0m","timestamp":"2023-11-30T23:44:38.319Z"}
{"level":"\u001b[32minfo\u001b[39m","message":"\u001b[32mGET START REGISTER\u001b[39m","service":"\u001b[35mMENTORAT\u001b[0m","timestamp":"2023-11-30T23:44:46.656Z"}
{"level":"\u001b[31merror\u001b[39m","message":"\u001b[31mFIRST ERROR\u001b[39m","service":"\u001b[35mMENTORAT\u001b[0m","timestamp":"2023-11-30T23:44:46.658Z"}
{"level":"\u001b[32minfo\u001b[39m","message":"\u001b[32mGET START REGISTER\u001b[39m","service":"\u001b[35mMENTORAT\u001b[0m","timestamp":"2023-11-30T23:44:49.802Z"}
{"level":"\u001b[31merror\u001b[39m","message":"\u001b[31mFIRST ERROR\u001b[39m","service":"\u001b[35mMENTORAT\u001b[0m","timestamp":"2023-11-30T23:44:49.803Z"}
{"level":"\u001b[32minfo\u001b[39m","message":"\u001b[32mGET START REGISTER\u001b[39m","service":"\u001b[35mMENTORAT\u001b[0m","timestamp":"2023-11-30T23:44:56.446Z"}
{"level":"\u001b[31merror\u001b[39m","message":"\u001b[31mFIRST ERROR\u001b[39m","service":"\u001b[35mMENTORAT\u001b[0m","timestamp":"2023-11-30T23:44:56.448Z"}
{"level":"\u001b[32minfo\u001b[39m","message":"\u001b[32mGET START REGISTER\u001b[39m","service":"\u001b[35mMENTORAT\u001b[0m","timestamp":"2023-11-30T23:45:23.912Z"}
{"level":"\u001b[31merror\u001b[39m","message":"\u001b[31mFIRST ERROR\u001b[39m","service":"\u001b[35mMENTORAT\u001b[0m","timestamp":"2023-11-30T23:45:23.913Z"}
{"level":"\u001b[32minfo\u001b[39m","message":"\u001b[32mGET START REGISTER\u001b[39m","service":"\u001b[35mMENTORAT\u001b[0m","timestamp":"2023-11-30T23:45:46.170Z"}
{"level":"\u001b[31merror\u001b[39m","message":"\u001b[31mFIRST ERROR\u001b[39m","service":"\u001b[35mMENTORAT\u001b[0m","timestamp":"2023-11-30T23:45:46.173Z"}
{"level":"\u001b[32minfo\u001b[39m","message":"\u001b[32mGET START REGISTER\u001b[39m","service":"\u001b[35mMENTORAT\u001b[0m","timestamp":"2023-11-30T23:45:48.809Z"}
{"level":"\u001b[31merror\u001b[39m","message":"\u001b[31mFIRST ERROR\u001b[39m","service":"\u001b[35mMENTORAT\u001b[0m","timestamp":"2023-11-30T23:45:48.811Z"}
{"level":"\u001b[32minfo\u001b[39m","message":"\u001b[32mGET START REGISTER\u001b[39m","service":"\u001b[35mMENTORAT\u001b[0m","timestamp":"2023-11-30T23:45:53.692Z"}
{"level":"\u001b[31merror\u001b[39m","message":"\u001b[31mFIRST ERROR\u001b[39m","service":"\u001b[35mMENTORAT\u001b[0m","timestamp":"2023-11-30T23:45:53.695Z"}
{"level":"\u001b[32minfo\u001b[39m","message":"\u001b[32mGET START REGISTER\u001b[39m","service":"\u001b[35mMENTORAT\u001b[0m","timestamp":"2023-11-30T23:45:56.162Z"}
{"level":"\u001b[31merror\u001b[39m","message":"\u001b[31mFIRST ERROR\u001b[39m","service":"\u001b[35mMENTORAT\u001b[0m","timestamp":"2023-11-30T23:45:56.163Z"}
{"level":"\u001b[32minfo\u001b[39m","message":"\u001b[32mGET START REGISTER\u001b[39m","service":"\u001b[35mMENTORAT\u001b[0m","timestamp":"2023-11-30T23:49:13.186Z"}
{"level":"\u001b[31merror\u001b[39m","message":"\u001b[31mFIRST ERROR\u001b[39m","service":"\u001b[35mMENTORAT\u001b[0m","timestamp":"2023-11-30T23:49:13.191Z"}
{"level":"\u001b[32minfo\u001b[39m","message":"\u001b[32mGET START REGISTER\u001b[39m","service":"\u001b[35mMENTORAT\u001b[0m","timestamp":"2023-11-30T23:49:13.344Z"}
{"level":"\u001b[31merror\u001b[39m","message":"\u001b[31mFIRST ERROR\u001b[39m","service":"\u001b[35mMENTORAT\u001b[0m","timestamp":"2023-11-30T23:49:13.352Z"}
{"level":"\u001b[32minfo\u001b[39m","message":"\u001b[32mGET START REGISTER\u001b[39m","service":"\u001b[35mMENTORAT\u001b[0m","timestamp":"2023-11-30T23:49:39.604Z"}
{"level":"\u001b[31merror\u001b[39m","message":"\u001b[31mFIRST ERROR\u001b[39m","service":"\u001b[35mMENTORAT\u001b[0m","timestamp":"2023-11-30T23:49:39.612Z"}
{"level":"\u001b[32minfo\u001b[39m","message":"\u001b[32mGET START REGISTER\u001b[39m","service":"\u001b[35mMENTORAT\u001b[0m","timestamp":"2023-11-30T23:49:39.663Z"}
{"level":"\u001b[31merror\u001b[39m","message":"\u001b[31mFIRST ERROR\u001b[39m","service":"\u001b[35mMENTORAT\u001b[0m","timestamp":"2023-11-30T23:49:39.664Z"}
{"level":"\u001b[32minfo\u001b[39m","message":"\u001b[32mGET START REGISTER\u001b[39m","service":"\u001b[35mMENTORAT\u001b[0m","timestamp":"2023-11-30T23:49:55.407Z"}
{"level":"\u001b[31merror\u001b[39m","message":"\u001b[31mFIRST ERROR\u001b[39m","service":"\u001b[35mMENTORAT\u001b[0m","timestamp":"2023-11-30T23:49:55.409Z"}
{"level":"\u001b[32minfo\u001b[39m","message":"\u001b[32mGET START REGISTER\u001b[39m","service":"\u001b[35mMENTORAT\u001b[0m","timestamp":"2023-11-30T23:50:00.766Z"}
{"level":"\u001b[31merror\u001b[39m","message":"\u001b[31mFIRST ERROR\u001b[39m","service":"\u001b[35mMENTORAT\u001b[0m","timestamp":"2023-11-30T23:50:00.770Z"}
{"level":"\u001b[32minfo\u001b[39m","message":"\u001b[32mGET START REGISTER\u001b[39m","service":"\u001b[35mMENTORAT\u001b[0m","timestamp":"2023-11-30T23:50:28.515Z"}
{"level":"\u001b[31merror\u001b[39m","message":"\u001b[31mFIRST ERROR\u001b[39m","service":"\u001b[35mMENTORAT\u001b[0m","timestamp":"2023-11-30T23:50:28.519Z"}
{"level":"\u001b[32minfo\u001b[39m","message":"\u001b[32mGET START REGISTER\u001b[39m","service":"\u001b[35mMENTORAT\u001b[0m","timestamp":"2023-11-30T23:50:45.320Z"}
{"level":"\u001b[31merror\u001b[39m","message":"\u001b[31mFIRST ERROR\u001b[39m","service":"\u001b[35mMENTORAT\u001b[0m","timestamp":"2023-11-30T23:50:45.324Z"}
{"level":"\u001b[32minfo\u001b[39m","message":"\u001b[32mGET START REGISTER\u001b[39m","service":"\u001b[35mMENTORAT\u001b[0m","timestamp":"2023-11-30T23:50:45.325Z"}
{"level":"\u001b[31merror\u001b[39m","message":"\u001b[31mFIRST ERROR\u001b[39m","service":"\u001b[35mMENTORAT\u001b[0m","timestamp":"2023-11-30T23:50:45.326Z"}
{"level":"\u001b[32minfo\u001b[39m","message":"\u001b[32mGET START REGISTER\u001b[39m","service":"\u001b[35mMENTORAT\u001b[0m","timestamp":"2023-11-30T23:50:49.965Z"}
{"level":"\u001b[31merror\u001b[39m","message":"\u001b[31mFIRST ERROR\u001b[39m","service":"\u001b[35mMENTORAT\u001b[0m","timestamp":"2023-11-30T23:50:49.967Z"}
{"level":"\u001b[32minfo\u001b[39m","message":"\u001b[32mGET START REGISTER\u001b[39m","service":"\u001b[35mMENTORAT\u001b[0m","timestamp":"2023-11-30T23:51:40.949Z"}
{"level":"\u001b[31merror\u001b[39m","message":"\u001b[31mFIRST ERROR\u001b[39m","service":"\u001b[35mMENTORAT\u001b[0m","timestamp":"2023-11-30T23:51:40.952Z"}
{"level":"\u001b[32minfo\u001b[39m","message":"\u001b[32mGET START REGISTER\u001b[39m","service":"\u001b[35mMENTORAT\u001b[0m","timestamp":"2023-11-30T23:52:12.399Z"}
{"level":"\u001b[31merror\u001b[39m","message":"\u001b[31mFIRST ERROR\u001b[39m","service":"\u001b[35mMENTORAT\u001b[0m","timestamp":"2023-11-30T23:52:12.405Z"}
{"level":"\u001b[32minfo\u001b[39m","message":"\u001b[32mGET START REGISTER\u001b[39m","service":"\u001b[35mMENTORAT\u001b[0m","timestamp":"2023-11-30T23:52:24.646Z"}
{"level":"\u001b[31merror\u001b[39m","message":"\u001b[31mFIRST ERROR\u001b[39m","service":"\u001b[35mMENTORAT\u001b[0m","timestamp":"2023-11-30T23:52:24.678Z"}
{"level":"\u001b[32minfo\u001b[39m","message":"\u001b[32mGET START REGISTER\u001b[39m","service":"\u001b[35mMENTORAT\u001b[0m","timestamp":"2023-11-30T23:52:30.307Z"}
{"level":"\u001b[31merror\u001b[39m","message":"\u001b[31mFIRST ERROR\u001b[39m","service":"\u001b[35mMENTORAT\u001b[0m","timestamp":"2023-11-30T23:52:30.309Z"}
{"level":"\u001b[32minfo\u001b[39m","message":"\u001b[32mGET START REGISTER\u001b[39m","service":"\u001b[35mMENTORAT\u001b[0m","timestamp":"2023-11-30T23:52:42.017Z"}
{"level":"\u001b[31merror\u001b[39m","message":"\u001b[31mFIRST ERROR\u001b[39m","service":"\u001b[35mMENTORAT\u001b[0m","timestamp":"2023-11-30T23:52:42.018Z"}
{"level":"\u001b[32minfo\u001b[39m","message":"\u001b[32mGET START REGISTER\u001b[39m","service":"\u001b[35mMENTORAT\u001b[0m","timestamp":"2023-11-30T23:52:44.897Z"}
{"level":"\u001b[31merror\u001b[39m","message":"\u001b[31mFIRST ERROR\u001b[39m","service":"\u001b[35mMENTORAT\u001b[0m","timestamp":"2023-11-30T23:52:44.899Z"}
{"level":"\u001b[32minfo\u001b[39m","message":"\u001b[32mGET START REGISTER\u001b[39m","service":"\u001b[35mMENTORAT\u001b[0m","timestamp":"2023-11-30T23:52:49.387Z"}
{"level":"\u001b[31merror\u001b[39m","message":"\u001b[31mFIRST ERROR\u001b[39m","service":"\u001b[35mMENTORAT\u001b[0m","timestamp":"2023-11-30T23:52:49.388Z"}
{"level":"\u001b[32minfo\u001b[39m","message":"\u001b[32mGET START REGISTER\u001b[39m","service":"\u001b[35mMENTORAT\u001b[0m","timestamp":"2023-11-30T23:52:50.864Z"}
{"level":"\u001b[31merror\u001b[39m","message":"\u001b[31mFIRST ERROR\u001b[39m","service":"\u001b[35mMENTORAT\u001b[0m","timestamp":"2023-11-30T23:52:50.865Z"}
{"level":"\u001b[32minfo\u001b[39m","message":"\u001b[32mGET START REGISTER\u001b[39m","service":"\u001b[35mMENTORAT\u001b[0m","timestamp":"2023-11-30T23:52:52.586Z"}
{"level":"\u001b[31merror\u001b[39m","message":"\u001b[31mFIRST ERROR\u001b[39m","service":"\u001b[35mMENTORAT\u001b[0m","timestamp":"2023-11-30T23:52:52.587Z"}
{"level":"\u001b[32minfo\u001b[39m","message":"\u001b[32mGET START REGISTER\u001b[39m","service":"\u001b[35mMENTORAT\u001b[0m","timestamp":"2023-11-30T23:55:49.706Z"}
{"level":"\u001b[31merror\u001b[39m","message":"\u001b[31mFIRST ERROR\u001b[39m","service":"\u001b[35mMENTORAT\u001b[0m","timestamp":"2023-11-30T23:55:49.710Z"}
{"level":"\u001b[32minfo\u001b[39m","message":"\u001b[32mGET START REGISTER\u001b[39m","service":"\u001b[35mMENTORAT\u001b[0m","timestamp":"2023-11-30T23:55:49.711Z"}
{"level":"\u001b[31merror\u001b[39m","message":"\u001b[31mFIRST ERROR\u001b[39m","service":"\u001b[35mMENTORAT\u001b[0m","timestamp":"2023-11-30T23:55:49.712Z"}
{"level":"\u001b[32minfo\u001b[39m","message":"\u001b[32mGET START REGISTER\u001b[39m","service":"\u001b[35mMENTORAT\u001b[0m","timestamp":"2023-11-30T23:55:53.570Z"}
{"level":"\u001b[31merror\u001b[39m","message":"\u001b[31mFIRST ERROR\u001b[39m","service":"\u001b[35mMENTORAT\u001b[0m","timestamp":"2023-11-30T23:55:53.579Z"}
{"level":"\u001b[32minfo\u001b[39m","message":"\u001b[32mGET START REGISTER\u001b[39m","service":"\u001b[35mMENTORAT\u001b[0m","timestamp":"2023-12-01T00:21:23.960Z"}
{"level":"\u001b[31merror\u001b[39m","message":"\u001b[31mFIRST ERROR\u001b[39m","service":"\u001b[35mMENTORAT\u001b[0m","timestamp":"2023-12-01T00:21:23.964Z"}
{"level":"\u001b[32minfo\u001b[39m","message":"\u001b[32mGET START REGISTER\u001b[39m","service":"\u001b[35mMENTORAT\u001b[0m","timestamp":"2023-12-01T00:25:01.877Z"}
{"level":"\u001b[31merror\u001b[39m","message":"\u001b[31mFIRST ERROR\u001b[39m","service":"\u001b[35mMENTORAT\u001b[0m","timestamp":"2023-12-01T00:25:01.881Z"}
{"level":"\u001b[32minfo\u001b[39m","message":"\u001b[32mGET START REGISTER\u001b[39m","service":"\u001b[35mMENTORAT\u001b[0m","timestamp":"2023-12-01T00:25:47.591Z"}
{"level":"\u001b[31merror\u001b[39m","message":"\u001b[31mFIRST ERROR\u001b[39m","service":"\u001b[35mMENTORAT\u001b[0m","timestamp":"2023-12-01T00:25:47.594Z"}
{"level":"\u001b[32minfo\u001b[39m","message":"\u001b[32mGET START REGISTER\u001b[39m","service":"\u001b[35mMENTORAT\u001b[0m","timestamp":"2023-12-01T00:25:49.834Z"}
{"level":"\u001b[31merror\u001b[39m","message":"\u001b[31mFIRST ERROR\u001b[39m","service":"\u001b[35mMENTORAT\u001b[0m","timestamp":"2023-12-01T00:25:49.835Z"}
{"level":"\u001b[32minfo\u001b[39m","message":"\u001b[32mGET START REGISTER\u001b[39m","service":"\u001b[35mMENTORAT\u001b[0m","timestamp":"2023-12-01T00:25:54.375Z"}
{"level":"\u001b[31merror\u001b[39m","message":"\u001b[31mFIRST ERROR\u001b[39m","service":"\u001b[35mMENTORAT\u001b[0m","timestamp":"2023-12-01T00:25:54.377Z"}
{"level":"\u001b[32minfo\u001b[39m","message":"\u001b[32mGET START REGISTER\u001b[39m","service":"\u001b[35mMENTORAT\u001b[0m","timestamp":"2023-12-01T00:25:57.778Z"}
{"level":"\u001b[31merror\u001b[39m","message":"\u001b[31mFIRST ERROR\u001b[39m","service":"\u001b[35mMENTORAT\u001b[0m","timestamp":"2023-12-01T00:25:57.779Z"}
{"level":"\u001b[32minfo\u001b[39m","message":"\u001b[32mGET START REGISTER\u001b[39m","service":"\u001b[35mMENTORAT\u001b[0m","timestamp":"2023-12-01T01:31:33.362Z"}
{"level":"\u001b[32minfo\u001b[39m","message":"\u001b[32mGET START REGISTER\u001b[39m","service":"\u001b[35mMENTORAT\u001b[0m","timestamp":"2023-12-01T01:35:41.263Z"}
